15-May-2025 13:28:34.486 INFO [main] org.apache.catalina.startup.VersionLoggerListener.log Nombre de la versión del servidor: Apache Tomcat/9.0.102
15-May-2025 13:28:34.490 INFO [main] org.apache.catalina.startup.VersionLoggerListener.log Server built:                      Mar 3 2025 19:33:14 UTC
15-May-2025 13:28:34.491 INFO [main] org.apache.catalina.startup.VersionLoggerListener.log Número de versión de servidor:     9.0.102.0
15-May-2025 13:28:34.491 INFO [main] org.apache.catalina.startup.VersionLoggerListener.log OS Name:                           Windows 11
15-May-2025 13:28:34.492 INFO [main] org.apache.catalina.startup.VersionLoggerListener.log Versión de Systema Operativo:      10.0
15-May-2025 13:28:34.492 INFO [main] org.apache.catalina.startup.VersionLoggerListener.log Arquitectura:                      amd64
15-May-2025 13:28:34.492 INFO [main] org.apache.catalina.startup.VersionLoggerListener.log Java Home:                         C:\Users\clara\.jdks\openjdk-23.0.1
15-May-2025 13:28:34.492 INFO [main] org.apache.catalina.startup.VersionLoggerListener.log JVM Version:                       23.0.1+11-39
15-May-2025 13:28:34.492 INFO [main] org.apache.catalina.startup.VersionLoggerListener.log Vededor JVM:                       Oracle Corporation
15-May-2025 13:28:34.493 INFO [main] org.apache.catalina.startup.VersionLoggerListener.log CATALINA_BASE:                     C:\Users\clara\Desktop\CrazyCow_BACK\tomcat
15-May-2025 13:28:34.493 INFO [main] org.apache.catalina.startup.VersionLoggerListener.log CATALINA_HOME:                     C:\Users\clara\Documents\DAW\PROGRAMACION\3TRIMESTRE\tomcat
15-May-2025 13:28:34.503 INFO [main] org.apache.catalina.startup.VersionLoggerListener.log Command line argument:             --add-opens=java.base/java.lang=ALL-UNNAMED
15-May-2025 13:28:34.503 INFO [main] org.apache.catalina.startup.VersionLoggerListener.log Command line argument:             --add-opens=java.base/java.io=ALL-UNNAMED
15-May-2025 13:28:34.503 INFO [main] org.apache.catalina.startup.VersionLoggerListener.log Command line argument:             --add-opens=java.base/java.util=ALL-UNNAMED
15-May-2025 13:28:34.504 INFO [main] org.apache.catalina.startup.VersionLoggerListener.log Command line argument:             --add-opens=java.base/java.util.concurrent=ALL-UNNAMED
15-May-2025 13:28:34.504 INFO [main] org.apache.catalina.startup.VersionLoggerListener.log Command line argument:             --add-opens=java.rmi/sun.rmi.transport=ALL-UNNAMED
15-May-2025 13:28:34.504 INFO [main] org.apache.catalina.startup.VersionLoggerListener.log Command line argument:             -Dcatalina.home=C:\Users\clara\Documents\DAW\PROGRAMACION\3TRIMESTRE\tomcat
15-May-2025 13:28:34.504 INFO [main] org.apache.catalina.startup.VersionLoggerListener.log Command line argument:             -Dcatalina.base=C:\Users\clara\Desktop\CrazyCow_BACK\tomcat
15-May-2025 13:28:34.504 INFO [main] org.apache.catalina.startup.VersionLoggerListener.log Command line argument:             -Djava.io.tmpdir=C:\Users\clara\Desktop\CrazyCow_BACK\tomcat\temp
15-May-2025 13:28:34.504 INFO [main] org.apache.catalina.startup.VersionLoggerListener.log Command line argument:             -Djava.util.logging.config.file=C:\Users\clara\Desktop\CrazyCow_BACK\tomcat\conf\logging.properties
15-May-2025 13:28:34.505 INFO [main] org.apache.catalina.startup.VersionLoggerListener.log Command line argument:             -Djava.util.logging.manager=org.apache.juli.ClassLoaderLogManager
15-May-2025 13:28:34.505 INFO [main] org.apache.catalina.startup.VersionLoggerListener.log Command line argument:             -javaagent:C:\Program Files\JetBrains\IntelliJ IDEA Community Edition 2024.2.3\lib\idea_rt.jar=52021:C:\Program Files\JetBrains\IntelliJ IDEA Community Edition 2024.2.3\bin
15-May-2025 13:28:34.506 INFO [main] org.apache.catalina.startup.VersionLoggerListener.log Command line argument:             -Dfile.encoding=UTF-8
15-May-2025 13:28:34.507 INFO [main] org.apache.catalina.startup.VersionLoggerListener.log Command line argument:             -Dsun.stdout.encoding=UTF-8
15-May-2025 13:28:34.507 INFO [main] org.apache.catalina.startup.VersionLoggerListener.log Command line argument:             -Dsun.stderr.encoding=UTF-8
15-May-2025 13:28:34.645 INFO [main] org.apache.catalina.core.AprLifecycleListener.lifecycleEvent Cargada la biblioteca nativa APR de Apache Tomcat [1.3.1] con la versión APR [1.7.4].
15-May-2025 13:28:34.645 INFO [main] org.apache.catalina.core.AprLifecycleListener.lifecycleEvent Capacidades APR: IPv6 [true], enviar fichero [true], aceptar filtros [false], aleatorio [true], UDS [true].
15-May-2025 13:28:34.645 INFO [main] org.apache.catalina.core.AprLifecycleListener.lifecycleEvent APR/OpenSSL configuration: useAprConnector [false], useOpenSSL [true]
15-May-2025 13:28:34.670 INFO [main] org.apache.catalina.core.AprLifecycleListener.initializeSSL OpenSSL inicializado correctamente [OpenSSL 3.0.14 4 Jun 2024]
15-May-2025 13:28:35.239 INFO [main] org.apache.coyote.AbstractProtocol.init Inicializando el manejador de protocolo ["http-nio-8080"]

15-May-2025 13:28:35.268 INFO [main] org.apache.catalina.startup.Catalina.load Server initialization in [1173] milliseconds
15-May-2025 13:28:35.369 INFO [main] org.apache.catalina.core.StandardService.startInternal Arrancando servicio [Catalina]
15-May-2025 13:28:35.370 INFO [main] org.apache.catalina.core.StandardEngine.startInternal Starting Servlet engine: [Apache Tomcat/9.0.102]
15-May-2025 13:28:35.386 INFO [main] org.apache.catalina.startup.HostConfig.deployDescriptor Desplieque del descriptor de configuración [C:\Users\clara\Desktop\CrazyCow_BACK\tomcat\conf\Catalina\localhost\CrazyCow_Server.xml]
15-May-2025 13:28:36.643 INFO [main] org.apache.jasper.servlet.TldScanner.scanJars Al menos un JAR, que se ha explorado buscando TLDs, aún no contenía TLDs. Activar historial de depuración para este historiador para una completa lista de los JARs que fueron explorados y de los que nos se halló TLDs. Saltarse JARs no necesarios durante la exploración puede dar lugar a una mejora de tiempo significativa en el arranque y compilación de JSP .
15-May-2025 13:28:36.717 INFO [main] org.apache.catalina.startup.HostConfig.deployDescriptor Deployment of deployment descriptor [C:\Users\clara\Desktop\CrazyCow_BACK\tomcat\conf\Catalina\localhost\CrazyCow_Server.xml] has finished in [1.326] ms
15-May-2025 13:28:36.718 INFO [main] org.apache.catalina.startup.HostConfig.deployDirectory Desplegando el directorio [C:\Users\clara\Desktop\CrazyCow_BACK\tomcat\webapps\docs] de la aplicación web
15-May-2025 13:28:36.777 INFO [main] org.apache.catalina.startup.HostConfig.deployDirectory Deployment of web application directory [C:\Users\clara\Desktop\CrazyCow_BACK\tomcat\webapps\docs] has finished in [58] ms
15-May-2025 13:28:36.779 INFO [main] org.apache.catalina.startup.HostConfig.deployDirectory Desplegando el directorio [C:\Users\clara\Desktop\CrazyCow_BACK\tomcat\webapps\examples] de la aplicación web
15-May-2025 13:28:38.473 INFO [main] org.apache.catalina.startup.HostConfig.deployDirectory Deployment of web application directory [C:\Users\clara\Desktop\CrazyCow_BACK\tomcat\webapps\examples] has finished in [1.696] ms
15-May-2025 13:28:38.473 INFO [main] org.apache.catalina.startup.HostConfig.deployDirectory Desplegando el directorio [C:\Users\clara\Desktop\CrazyCow_BACK\tomcat\webapps\host-manager] de la aplicación web
15-May-2025 13:28:38.538 INFO [main] org.apache.catalina.startup.HostConfig.deployDirectory Deployment of web application directory [C:\Users\clara\Desktop\CrazyCow_BACK\tomcat\webapps\host-manager] has finished in [65] ms
15-May-2025 13:28:38.539 INFO [main] org.apache.catalina.startup.HostConfig.deployDirectory Desplegando el directorio [C:\Users\clara\Desktop\CrazyCow_BACK\tomcat\webapps\manager] de la aplicación web
15-May-2025 13:28:38.601 INFO [main] org.apache.catalina.startup.HostConfig.deployDirectory Deployment of web application directory [C:\Users\clara\Desktop\CrazyCow_BACK\tomcat\webapps\manager] has finished in [61] ms
15-May-2025 13:28:38.602 INFO [main] org.apache.catalina.startup.HostConfig.deployDirectory Desplegando el directorio [C:\Users\clara\Desktop\CrazyCow_BACK\tomcat\webapps\ROOT] de la aplicación web
15-May-2025 13:28:38.641 INFO [main] org.apache.catalina.startup.HostConfig.deployDirectory Deployment of web application directory [C:\Users\clara\Desktop\CrazyCow_BACK\tomcat\webapps\ROOT] has finished in [38] ms
15-May-2025 13:28:38.649 INFO [main] org.apache.coyote.AbstractProtocol.start Starting ProtocolHandler ["http-nio-8080"]
15-May-2025 13:28:38.674 INFO [main] org.apache.catalina.startup.Catalina.start Server startup in [3404] milliseconds
15-May-2025 13:32:32.958 INFO [Thread-1] org.apache.coyote.AbstractProtocol.pause Pausing ProtocolHandler ["http-nio-8080"]
15-May-2025 13:32:32.965 INFO [Thread-1] org.apache.catalina.core.StandardService.stopInternal Parando servicio [Catalina]
15-May-2025 13:32:32.993 WARNING [Thread-1] org.apache.catalina.loader.WebappClassLoaderBase.clearReferencesJdbc La aplicación web [CrazyCow_Server] registró el conductor JDBC [com.mysql.cj.jdbc.Driver] pero falló al anular el registro mientras la aplicación web estaba parada. Para prevenir un fallo de memoria, se ha anulado el registro del conductor JDBC por la fuerza.
15-May-2025 13:32:32.994 WARNING [Thread-1] org.apache.catalina.loader.WebappClassLoaderBase.clearReferencesThreads The web application [CrazyCow_Server] appears to have started a thread named [mysql-cj-abandoned-connection-cleanup] but has failed to stop it. This is very likely to create a memory leak. Stack trace of thread:
 java.base/jdk.internal.misc.Unsafe.park(Native Method)
 java.base/java.util.concurrent.locks.LockSupport.parkNanos(LockSupport.java:269)
 java.base/java.util.concurrent.locks.AbstractQueuedSynchronizer$ConditionObject.await(AbstractQueuedSynchronizer.java:1852)
 java.base/java.lang.ref.ReferenceQueue.await(ReferenceQueue.java:79)
 java.base/java.lang.ref.ReferenceQueue.remove0(ReferenceQueue.java:151)
 java.base/java.lang.ref.ReferenceQueue.remove(ReferenceQueue.java:229)
 com.mysql.cj.jdbc.AbandonedConnectionCleanupThread.run(AbandonedConnectionCleanupThread.java:84)
 java.base/java.util.concurrent.ThreadPoolExecutor.runWorker(ThreadPoolExecutor.java:1144)
 java.base/java.util.concurrent.ThreadPoolExecutor$Worker.run(ThreadPoolExecutor.java:642)
 java.base/java.lang.Thread.run(Thread.java:1575)
15-May-2025 13:32:32.998 INFO [Thread-1] org.apache.coyote.AbstractProtocol.stop Stopping ProtocolHandler ["http-nio-8080"]
15-May-2025 13:32:33.017 INFO [Thread-1] org.apache.coyote.AbstractProtocol.destroy Destroying ProtocolHandler ["http-nio-8080"]
15-May-2025 13:32:33.045 INFO [mysql-cj-abandoned-connection-cleanup] org.apache.catalina.loader.WebappClassLoaderBase.checkStateForResourceLoading Acceso ilegal: esta instancia de aplicación web ya ha sido parada.  Could not load [].  La eventual traza de pila que sigue ha sido motivada por un error lanzado con motivos de depuración así como para intentar terminar el hilo que motivó el acceso ilegal y no tiene impacto funcional.
	java.lang.IllegalStateException: Acceso ilegal: esta instancia de aplicación web ya ha sido parada.  Could not load [].  La eventual traza de pila que sigue ha sido motivada por un error lanzado con motivos de depuración así como para intentar terminar el hilo que motivó el acceso ilegal y no tiene impacto funcional.
		at org.apache.catalina.loader.WebappClassLoaderBase.checkStateForResourceLoading(WebappClassLoaderBase.java:1373)
		at org.apache.catalina.loader.WebappClassLoaderBase.getResource(WebappClassLoaderBase.java:996)
		at com.mysql.cj.jdbc.AbandonedConnectionCleanupThread.checkThreadContextClassLoader(AbandonedConnectionCleanupThread.java:116)
		at com.mysql.cj.jdbc.AbandonedConnectionCleanupThread.run(AbandonedConnectionCleanupThread.java:83)
		at java.base/java.util.concurrent.ThreadPoolExecutor.runWorker(ThreadPoolExecutor.java:1144)
		at java.base/java.util.concurrent.ThreadPoolExecutor$Worker.run(ThreadPoolExecutor.java:642)
		at java.base/java.lang.Thread.run(Thread.java:1575)
15-May-2025 13:32:36.894 INFO [main] org.apache.catalina.startup.VersionLoggerListener.log Nombre de la versión del servidor: Apache Tomcat/9.0.102
15-May-2025 13:32:36.902 INFO [main] org.apache.catalina.startup.VersionLoggerListener.log Server built:                      Mar 3 2025 19:33:14 UTC
15-May-2025 13:32:36.903 INFO [main] org.apache.catalina.startup.VersionLoggerListener.log Número de versión de servidor:     9.0.102.0
15-May-2025 13:32:36.903 INFO [main] org.apache.catalina.startup.VersionLoggerListener.log OS Name:                           Windows 11
15-May-2025 13:32:36.903 INFO [main] org.apache.catalina.startup.VersionLoggerListener.log Versión de Systema Operativo:      10.0
15-May-2025 13:32:36.903 INFO [main] org.apache.catalina.startup.VersionLoggerListener.log Arquitectura:                      amd64
15-May-2025 13:32:36.904 INFO [main] org.apache.catalina.startup.VersionLoggerListener.log Java Home:                         C:\Users\clara\.jdks\openjdk-23.0.1
15-May-2025 13:32:36.904 INFO [main] org.apache.catalina.startup.VersionLoggerListener.log JVM Version:                       23.0.1+11-39
15-May-2025 13:32:36.904 INFO [main] org.apache.catalina.startup.VersionLoggerListener.log Vededor JVM:                       Oracle Corporation
15-May-2025 13:32:36.904 INFO [main] org.apache.catalina.startup.VersionLoggerListener.log CATALINA_BASE:                     C:\Users\clara\Desktop\CrazyCow_BACK\tomcat
15-May-2025 13:32:36.905 INFO [main] org.apache.catalina.startup.VersionLoggerListener.log CATALINA_HOME:                     C:\Users\clara\Documents\DAW\PROGRAMACION\3TRIMESTRE\tomcat
15-May-2025 13:32:36.922 INFO [main] org.apache.catalina.startup.VersionLoggerListener.log Command line argument:             --add-opens=java.base/java.lang=ALL-UNNAMED
15-May-2025 13:32:36.922 INFO [main] org.apache.catalina.startup.VersionLoggerListener.log Command line argument:             --add-opens=java.base/java.io=ALL-UNNAMED
15-May-2025 13:32:36.922 INFO [main] org.apache.catalina.startup.VersionLoggerListener.log Command line argument:             --add-opens=java.base/java.util=ALL-UNNAMED
15-May-2025 13:32:36.923 INFO [main] org.apache.catalina.startup.VersionLoggerListener.log Command line argument:             --add-opens=java.base/java.util.concurrent=ALL-UNNAMED
15-May-2025 13:32:36.923 INFO [main] org.apache.catalina.startup.VersionLoggerListener.log Command line argument:             --add-opens=java.rmi/sun.rmi.transport=ALL-UNNAMED
15-May-2025 13:32:36.923 INFO [main] org.apache.catalina.startup.VersionLoggerListener.log Command line argument:             -Dcatalina.home=C:\Users\clara\Documents\DAW\PROGRAMACION\3TRIMESTRE\tomcat
15-May-2025 13:32:36.923 INFO [main] org.apache.catalina.startup.VersionLoggerListener.log Command line argument:             -Dcatalina.base=C:\Users\clara\Desktop\CrazyCow_BACK\tomcat
15-May-2025 13:32:36.923 INFO [main] org.apache.catalina.startup.VersionLoggerListener.log Command line argument:             -Djava.io.tmpdir=C:\Users\clara\Desktop\CrazyCow_BACK\tomcat\temp
15-May-2025 13:32:36.924 INFO [main] org.apache.catalina.startup.VersionLoggerListener.log Command line argument:             -Djava.util.logging.config.file=C:\Users\clara\Desktop\CrazyCow_BACK\tomcat\conf\logging.properties
15-May-2025 13:32:36.924 INFO [main] org.apache.catalina.startup.VersionLoggerListener.log Command line argument:             -Djava.util.logging.manager=org.apache.juli.ClassLoaderLogManager
15-May-2025 13:32:36.924 INFO [main] org.apache.catalina.startup.VersionLoggerListener.log Command line argument:             -javaagent:C:\Program Files\JetBrains\IntelliJ IDEA Community Edition 2024.2.3\lib\idea_rt.jar=52054:C:\Program Files\JetBrains\IntelliJ IDEA Community Edition 2024.2.3\bin
15-May-2025 13:32:36.924 INFO [main] org.apache.catalina.startup.VersionLoggerListener.log Command line argument:             -Dfile.encoding=UTF-8
15-May-2025 13:32:36.924 INFO [main] org.apache.catalina.startup.VersionLoggerListener.log Command line argument:             -Dsun.stdout.encoding=UTF-8
15-May-2025 13:32:36.925 INFO [main] org.apache.catalina.startup.VersionLoggerListener.log Command line argument:             -Dsun.stderr.encoding=UTF-8
15-May-2025 13:32:36.931 INFO [main] org.apache.catalina.core.AprLifecycleListener.lifecycleEvent Cargada la biblioteca nativa APR de Apache Tomcat [1.3.1] con la versión APR [1.7.4].
15-May-2025 13:32:36.932 INFO [main] org.apache.catalina.core.AprLifecycleListener.lifecycleEvent Capacidades APR: IPv6 [true], enviar fichero [true], aceptar filtros [false], aleatorio [true], UDS [true].
15-May-2025 13:32:36.932 INFO [main] org.apache.catalina.core.AprLifecycleListener.lifecycleEvent APR/OpenSSL configuration: useAprConnector [false], useOpenSSL [true]
15-May-2025 13:32:36.944 INFO [main] org.apache.catalina.core.AprLifecycleListener.initializeSSL OpenSSL inicializado correctamente [OpenSSL 3.0.14 4 Jun 2024]
15-May-2025 13:32:37.678 INFO [main] org.apache.coyote.AbstractProtocol.init Inicializando el manejador de protocolo ["http-nio-8080"]

15-May-2025 13:32:37.719 INFO [main] org.apache.catalina.startup.Catalina.load Server initialization in [1238] milliseconds
15-May-2025 13:32:37.817 INFO [main] org.apache.catalina.core.StandardService.startInternal Arrancando servicio [Catalina]
15-May-2025 13:32:37.817 INFO [main] org.apache.catalina.core.StandardEngine.startInternal Starting Servlet engine: [Apache Tomcat/9.0.102]
15-May-2025 13:32:37.832 INFO [main] org.apache.catalina.startup.HostConfig.deployDescriptor Desplieque del descriptor de configuración [C:\Users\clara\Desktop\CrazyCow_BACK\tomcat\conf\Catalina\localhost\CrazyCow_Server.xml]
15-May-2025 13:32:39.191 INFO [main] org.apache.jasper.servlet.TldScanner.scanJars Al menos un JAR, que se ha explorado buscando TLDs, aún no contenía TLDs. Activar historial de depuración para este historiador para una completa lista de los JARs que fueron explorados y de los que nos se halló TLDs. Saltarse JARs no necesarios durante la exploración puede dar lugar a una mejora de tiempo significativa en el arranque y compilación de JSP .
15-May-2025 13:32:39.284 INFO [main] org.apache.catalina.startup.HostConfig.deployDescriptor Deployment of deployment descriptor [C:\Users\clara\Desktop\CrazyCow_BACK\tomcat\conf\Catalina\localhost\CrazyCow_Server.xml] has finished in [1.449] ms
15-May-2025 13:32:39.285 INFO [main] org.apache.catalina.startup.HostConfig.deployDirectory Desplegando el directorio [C:\Users\clara\Desktop\CrazyCow_BACK\tomcat\webapps\docs] de la aplicación web
15-May-2025 13:32:39.336 INFO [main] org.apache.catalina.startup.HostConfig.deployDirectory Deployment of web application directory [C:\Users\clara\Desktop\CrazyCow_BACK\tomcat\webapps\docs] has finished in [50] ms
15-May-2025 13:32:39.336 INFO [main] org.apache.catalina.startup.HostConfig.deployDirectory Desplegando el directorio [C:\Users\clara\Desktop\CrazyCow_BACK\tomcat\webapps\examples] de la aplicación web
15-May-2025 13:32:39.815 INFO [main] org.apache.catalina.startup.HostConfig.deployDirectory Deployment of web application directory [C:\Users\clara\Desktop\CrazyCow_BACK\tomcat\webapps\examples] has finished in [478] ms
15-May-2025 13:32:39.815 INFO [main] org.apache.catalina.startup.HostConfig.deployDirectory Desplegando el directorio [C:\Users\clara\Desktop\CrazyCow_BACK\tomcat\webapps\host-manager] de la aplicación web
15-May-2025 13:32:39.861 INFO [main] org.apache.catalina.startup.HostConfig.deployDirectory Deployment of web application directory [C:\Users\clara\Desktop\CrazyCow_BACK\tomcat\webapps\host-manager] has finished in [46] ms
15-May-2025 13:32:39.861 INFO [main] org.apache.catalina.startup.HostConfig.deployDirectory Desplegando el directorio [C:\Users\clara\Desktop\CrazyCow_BACK\tomcat\webapps\manager] de la aplicación web
15-May-2025 13:32:39.898 INFO [main] org.apache.catalina.startup.HostConfig.deployDirectory Deployment of web application directory [C:\Users\clara\Desktop\CrazyCow_BACK\tomcat\webapps\manager] has finished in [36] ms
15-May-2025 13:32:39.898 INFO [main] org.apache.catalina.startup.HostConfig.deployDirectory Desplegando el directorio [C:\Users\clara\Desktop\CrazyCow_BACK\tomcat\webapps\ROOT] de la aplicación web
15-May-2025 13:32:39.926 INFO [main] org.apache.catalina.startup.HostConfig.deployDirectory Deployment of web application directory [C:\Users\clara\Desktop\CrazyCow_BACK\tomcat\webapps\ROOT] has finished in [28] ms
15-May-2025 13:32:39.931 INFO [main] org.apache.coyote.AbstractProtocol.start Starting ProtocolHandler ["http-nio-8080"]
15-May-2025 13:32:39.959 INFO [main] org.apache.catalina.startup.Catalina.start Server startup in [2237] milliseconds
15-May-2025 13:34:39.750 INFO [Thread-1] org.apache.coyote.AbstractProtocol.pause Pausing ProtocolHandler ["http-nio-8080"]
15-May-2025 13:34:39.758 INFO [Thread-1] org.apache.catalina.core.StandardService.stopInternal Parando servicio [Catalina]
15-May-2025 13:34:39.782 WARNING [Thread-1] org.apache.catalina.loader.WebappClassLoaderBase.clearReferencesJdbc La aplicación web [CrazyCow_Server] registró el conductor JDBC [com.mysql.cj.jdbc.Driver] pero falló al anular el registro mientras la aplicación web estaba parada. Para prevenir un fallo de memoria, se ha anulado el registro del conductor JDBC por la fuerza.
15-May-2025 13:34:39.783 WARNING [Thread-1] org.apache.catalina.loader.WebappClassLoaderBase.clearReferencesThreads The web application [CrazyCow_Server] appears to have started a thread named [mysql-cj-abandoned-connection-cleanup] but has failed to stop it. This is very likely to create a memory leak. Stack trace of thread:
 java.base/jdk.internal.misc.Unsafe.park(Native Method)
 java.base/java.util.concurrent.locks.LockSupport.parkNanos(LockSupport.java:269)
 java.base/java.util.concurrent.locks.AbstractQueuedSynchronizer$ConditionObject.await(AbstractQueuedSynchronizer.java:1852)
 java.base/java.lang.ref.ReferenceQueue.await(ReferenceQueue.java:79)
 java.base/java.lang.ref.ReferenceQueue.remove0(ReferenceQueue.java:151)
 java.base/java.lang.ref.ReferenceQueue.remove(ReferenceQueue.java:229)
 com.mysql.cj.jdbc.AbandonedConnectionCleanupThread.run(AbandonedConnectionCleanupThread.java:84)
 java.base/java.util.concurrent.ThreadPoolExecutor.runWorker(ThreadPoolExecutor.java:1144)
 java.base/java.util.concurrent.ThreadPoolExecutor$Worker.run(ThreadPoolExecutor.java:642)
 java.base/java.lang.Thread.run(Thread.java:1575)
15-May-2025 13:34:39.786 INFO [Thread-1] org.apache.coyote.AbstractProtocol.stop Stopping ProtocolHandler ["http-nio-8080"]
15-May-2025 13:34:39.797 INFO [Thread-1] org.apache.coyote.AbstractProtocol.destroy Destroying ProtocolHandler ["http-nio-8080"]
15-May-2025 13:34:43.796 INFO [main] org.apache.catalina.startup.VersionLoggerListener.log Nombre de la versión del servidor: Apache Tomcat/9.0.102
15-May-2025 13:34:43.802 INFO [main] org.apache.catalina.startup.VersionLoggerListener.log Server built:                      Mar 3 2025 19:33:14 UTC
15-May-2025 13:34:43.802 INFO [main] org.apache.catalina.startup.VersionLoggerListener.log Número de versión de servidor:     9.0.102.0
15-May-2025 13:34:43.803 INFO [main] org.apache.catalina.startup.VersionLoggerListener.log OS Name:                           Windows 11
15-May-2025 13:34:43.803 INFO [main] org.apache.catalina.startup.VersionLoggerListener.log Versión de Systema Operativo:      10.0
15-May-2025 13:34:43.803 INFO [main] org.apache.catalina.startup.VersionLoggerListener.log Arquitectura:                      amd64
15-May-2025 13:34:43.803 INFO [main] org.apache.catalina.startup.VersionLoggerListener.log Java Home:                         C:\Users\clara\.jdks\openjdk-23.0.1
15-May-2025 13:34:43.803 INFO [main] org.apache.catalina.startup.VersionLoggerListener.log JVM Version:                       23.0.1+11-39
15-May-2025 13:34:43.803 INFO [main] org.apache.catalina.startup.VersionLoggerListener.log Vededor JVM:                       Oracle Corporation
15-May-2025 13:34:43.804 INFO [main] org.apache.catalina.startup.VersionLoggerListener.log CATALINA_BASE:                     C:\Users\clara\Desktop\CrazyCow_BACK\tomcat
15-May-2025 13:34:43.804 INFO [main] org.apache.catalina.startup.VersionLoggerListener.log CATALINA_HOME:                     C:\Users\clara\Documents\DAW\PROGRAMACION\3TRIMESTRE\tomcat
15-May-2025 13:34:43.814 INFO [main] org.apache.catalina.startup.VersionLoggerListener.log Command line argument:             --add-opens=java.base/java.lang=ALL-UNNAMED
15-May-2025 13:34:43.814 INFO [main] org.apache.catalina.startup.VersionLoggerListener.log Command line argument:             --add-opens=java.base/java.io=ALL-UNNAMED
15-May-2025 13:34:43.815 INFO [main] org.apache.catalina.startup.VersionLoggerListener.log Command line argument:             --add-opens=java.base/java.util=ALL-UNNAMED
15-May-2025 13:34:43.815 INFO [main] org.apache.catalina.startup.VersionLoggerListener.log Command line argument:             --add-opens=java.base/java.util.concurrent=ALL-UNNAMED
15-May-2025 13:34:43.815 INFO [main] org.apache.catalina.startup.VersionLoggerListener.log Command line argument:             --add-opens=java.rmi/sun.rmi.transport=ALL-UNNAMED
15-May-2025 13:34:43.815 INFO [main] org.apache.catalina.startup.VersionLoggerListener.log Command line argument:             -Dcatalina.home=C:\Users\clara\Documents\DAW\PROGRAMACION\3TRIMESTRE\tomcat
15-May-2025 13:34:43.815 INFO [main] org.apache.catalina.startup.VersionLoggerListener.log Command line argument:             -Dcatalina.base=C:\Users\clara\Desktop\CrazyCow_BACK\tomcat
15-May-2025 13:34:43.816 INFO [main] org.apache.catalina.startup.VersionLoggerListener.log Command line argument:             -Djava.io.tmpdir=C:\Users\clara\Desktop\CrazyCow_BACK\tomcat\temp
15-May-2025 13:34:43.816 INFO [main] org.apache.catalina.startup.VersionLoggerListener.log Command line argument:             -Djava.util.logging.config.file=C:\Users\clara\Desktop\CrazyCow_BACK\tomcat\conf\logging.properties
15-May-2025 13:34:43.816 INFO [main] org.apache.catalina.startup.VersionLoggerListener.log Command line argument:             -Djava.util.logging.manager=org.apache.juli.ClassLoaderLogManager
15-May-2025 13:34:43.816 INFO [main] org.apache.catalina.startup.VersionLoggerListener.log Command line argument:             -javaagent:C:\Program Files\JetBrains\IntelliJ IDEA Community Edition 2024.2.3\lib\idea_rt.jar=52063:C:\Program Files\JetBrains\IntelliJ IDEA Community Edition 2024.2.3\bin
15-May-2025 13:34:43.817 INFO [main] org.apache.catalina.startup.VersionLoggerListener.log Command line argument:             -Dfile.encoding=UTF-8
15-May-2025 13:34:43.817 INFO [main] org.apache.catalina.startup.VersionLoggerListener.log Command line argument:             -Dsun.stdout.encoding=UTF-8
15-May-2025 13:34:43.817 INFO [main] org.apache.catalina.startup.VersionLoggerListener.log Command line argument:             -Dsun.stderr.encoding=UTF-8
15-May-2025 13:34:43.822 INFO [main] org.apache.catalina.core.AprLifecycleListener.lifecycleEvent Cargada la biblioteca nativa APR de Apache Tomcat [1.3.1] con la versión APR [1.7.4].
15-May-2025 13:34:43.822 INFO [main] org.apache.catalina.core.AprLifecycleListener.lifecycleEvent Capacidades APR: IPv6 [true], enviar fichero [true], aceptar filtros [false], aleatorio [true], UDS [true].
15-May-2025 13:34:43.822 INFO [main] org.apache.catalina.core.AprLifecycleListener.lifecycleEvent APR/OpenSSL configuration: useAprConnector [false], useOpenSSL [true]
15-May-2025 13:34:43.831 INFO [main] org.apache.catalina.core.AprLifecycleListener.initializeSSL OpenSSL inicializado correctamente [OpenSSL 3.0.14 4 Jun 2024]
15-May-2025 13:34:44.512 INFO [main] org.apache.coyote.AbstractProtocol.init Inicializando el manejador de protocolo ["http-nio-8080"]

15-May-2025 13:34:44.546 INFO [main] org.apache.catalina.startup.Catalina.load Server initialization in [1108] milliseconds
15-May-2025 13:34:44.633 INFO [main] org.apache.catalina.core.StandardService.startInternal Arrancando servicio [Catalina]
15-May-2025 13:34:44.635 INFO [main] org.apache.catalina.core.StandardEngine.startInternal Starting Servlet engine: [Apache Tomcat/9.0.102]
15-May-2025 13:34:44.652 INFO [main] org.apache.catalina.startup.HostConfig.deployDescriptor Desplieque del descriptor de configuración [C:\Users\clara\Desktop\CrazyCow_BACK\tomcat\conf\Catalina\localhost\CrazyCow_Server.xml]
15-May-2025 13:34:45.695 INFO [main] org.apache.jasper.servlet.TldScanner.scanJars Al menos un JAR, que se ha explorado buscando TLDs, aún no contenía TLDs. Activar historial de depuración para este historiador para una completa lista de los JARs que fueron explorados y de los que nos se halló TLDs. Saltarse JARs no necesarios durante la exploración puede dar lugar a una mejora de tiempo significativa en el arranque y compilación de JSP .
15-May-2025 13:34:45.766 INFO [main] org.apache.catalina.startup.HostConfig.deployDescriptor Deployment of deployment descriptor [C:\Users\clara\Desktop\CrazyCow_BACK\tomcat\conf\Catalina\localhost\CrazyCow_Server.xml] has finished in [1.108] ms
15-May-2025 13:34:45.766 INFO [main] org.apache.catalina.startup.HostConfig.deployDirectory Desplegando el directorio [C:\Users\clara\Desktop\CrazyCow_BACK\tomcat\webapps\docs] de la aplicación web
15-May-2025 13:34:45.815 INFO [main] org.apache.catalina.startup.HostConfig.deployDirectory Deployment of web application directory [C:\Users\clara\Desktop\CrazyCow_BACK\tomcat\webapps\docs] has finished in [48] ms
15-May-2025 13:34:45.816 INFO [main] org.apache.catalina.startup.HostConfig.deployDirectory Desplegando el directorio [C:\Users\clara\Desktop\CrazyCow_BACK\tomcat\webapps\examples] de la aplicación web
15-May-2025 13:34:46.265 INFO [main] org.apache.catalina.startup.HostConfig.deployDirectory Deployment of web application directory [C:\Users\clara\Desktop\CrazyCow_BACK\tomcat\webapps\examples] has finished in [449] ms
15-May-2025 13:34:46.266 INFO [main] org.apache.catalina.startup.HostConfig.deployDirectory Desplegando el directorio [C:\Users\clara\Desktop\CrazyCow_BACK\tomcat\webapps\host-manager] de la aplicación web
15-May-2025 13:34:46.319 INFO [main] org.apache.catalina.startup.HostConfig.deployDirectory Deployment of web application directory [C:\Users\clara\Desktop\CrazyCow_BACK\tomcat\webapps\host-manager] has finished in [54] ms
15-May-2025 13:34:46.319 INFO [main] org.apache.catalina.startup.HostConfig.deployDirectory Desplegando el directorio [C:\Users\clara\Desktop\CrazyCow_BACK\tomcat\webapps\manager] de la aplicación web
15-May-2025 13:34:46.363 INFO [main] org.apache.catalina.startup.HostConfig.deployDirectory Deployment of web application directory [C:\Users\clara\Desktop\CrazyCow_BACK\tomcat\webapps\manager] has finished in [44] ms
15-May-2025 13:34:46.363 INFO [main] org.apache.catalina.startup.HostConfig.deployDirectory Desplegando el directorio [C:\Users\clara\Desktop\CrazyCow_BACK\tomcat\webapps\ROOT] de la aplicación web
15-May-2025 13:34:46.395 INFO [main] org.apache.catalina.startup.HostConfig.deployDirectory Deployment of web application directory [C:\Users\clara\Desktop\CrazyCow_BACK\tomcat\webapps\ROOT] has finished in [32] ms
15-May-2025 13:34:46.408 INFO [main] org.apache.coyote.AbstractProtocol.start Starting ProtocolHandler ["http-nio-8080"]
15-May-2025 13:34:46.447 INFO [main] org.apache.catalina.startup.Catalina.start Server startup in [1898] milliseconds
15-May-2025 14:24:04.035 INFO [Thread-1] org.apache.coyote.AbstractProtocol.pause Pausing ProtocolHandler ["http-nio-8080"]
15-May-2025 14:24:04.045 INFO [Thread-1] org.apache.catalina.core.StandardService.stopInternal Parando servicio [Catalina]
15-May-2025 14:24:04.081 WARNING [Thread-1] org.apache.catalina.loader.WebappClassLoaderBase.clearReferencesJdbc La aplicación web [CrazyCow_Server] registró el conductor JDBC [com.mysql.cj.jdbc.Driver] pero falló al anular el registro mientras la aplicación web estaba parada. Para prevenir un fallo de memoria, se ha anulado el registro del conductor JDBC por la fuerza.
15-May-2025 14:24:04.083 WARNING [Thread-1] org.apache.catalina.loader.WebappClassLoaderBase.clearReferencesThreads The web application [CrazyCow_Server] appears to have started a thread named [mysql-cj-abandoned-connection-cleanup] but has failed to stop it. This is very likely to create a memory leak. Stack trace of thread:
 java.base/jdk.internal.misc.Unsafe.park(Native Method)
 java.base/java.util.concurrent.locks.LockSupport.parkNanos(LockSupport.java:269)
 java.base/java.util.concurrent.locks.AbstractQueuedSynchronizer$ConditionObject.await(AbstractQueuedSynchronizer.java:1852)
 java.base/java.lang.ref.ReferenceQueue.await(ReferenceQueue.java:79)
 java.base/java.lang.ref.ReferenceQueue.remove0(ReferenceQueue.java:151)
 java.base/java.lang.ref.ReferenceQueue.remove(ReferenceQueue.java:229)
 com.mysql.cj.jdbc.AbandonedConnectionCleanupThread.run(AbandonedConnectionCleanupThread.java:84)
 java.base/java.util.concurrent.ThreadPoolExecutor.runWorker(ThreadPoolExecutor.java:1144)
 java.base/java.util.concurrent.ThreadPoolExecutor$Worker.run(ThreadPoolExecutor.java:642)
 java.base/java.lang.Thread.run(Thread.java:1575)
15-May-2025 14:24:04.091 INFO [Thread-1] org.apache.coyote.AbstractProtocol.stop Stopping ProtocolHandler ["http-nio-8080"]
15-May-2025 14:24:04.121 INFO [Thread-1] org.apache.coyote.AbstractProtocol.destroy Destroying ProtocolHandler ["http-nio-8080"]
15-May-2025 14:24:04.122 INFO [mysql-cj-abandoned-connection-cleanup] org.apache.catalina.loader.WebappClassLoaderBase.checkStateForResourceLoading Acceso ilegal: esta instancia de aplicación web ya ha sido parada.  Could not load [].  La eventual traza de pila que sigue ha sido motivada por un error lanzado con motivos de depuración así como para intentar terminar el hilo que motivó el acceso ilegal y no tiene impacto funcional.
	java.lang.IllegalStateException: Acceso ilegal: esta instancia de aplicación web ya ha sido parada.  Could not load [].  La eventual traza de pila que sigue ha sido motivada por un error lanzado con motivos de depuración así como para intentar terminar el hilo que motivó el acceso ilegal y no tiene impacto funcional.
		at org.apache.catalina.loader.WebappClassLoaderBase.checkStateForResourceLoading(WebappClassLoaderBase.java:1373)
		at org.apache.catalina.loader.WebappClassLoaderBase.getResource(WebappClassLoaderBase.java:996)
		at com.mysql.cj.jdbc.AbandonedConnectionCleanupThread.checkThreadContextClassLoader(AbandonedConnectionCleanupThread.java:116)
		at com.mysql.cj.jdbc.AbandonedConnectionCleanupThread.run(AbandonedConnectionCleanupThread.java:83)
		at java.base/java.util.concurrent.ThreadPoolExecutor.runWorker(ThreadPoolExecutor.java:1144)
		at java.base/java.util.concurrent.ThreadPoolExecutor$Worker.run(ThreadPoolExecutor.java:642)
		at java.base/java.lang.Thread.run(Thread.java:1575)
15-May-2025 14:24:04.156 INFO [mysql-cj-abandoned-connection-cleanup] org.apache.catalina.loader.WebappClassLoaderBase.checkStateForResourceLoading Acceso ilegal: esta instancia de aplicación web ya ha sido parada.  Could not load [].  La eventual traza de pila que sigue ha sido motivada por un error lanzado con motivos de depuración así como para intentar terminar el hilo que motivó el acceso ilegal y no tiene impacto funcional.
	java.lang.IllegalStateException: Acceso ilegal: esta instancia de aplicación web ya ha sido parada.  Could not load [].  La eventual traza de pila que sigue ha sido motivada por un error lanzado con motivos de depuración así como para intentar terminar el hilo que motivó el acceso ilegal y no tiene impacto funcional.
		at org.apache.catalina.loader.WebappClassLoaderBase.checkStateForResourceLoading(WebappClassLoaderBase.java:1373)
		at org.apache.catalina.loader.WebappClassLoaderBase.getResource(WebappClassLoaderBase.java:996)
		at com.mysql.cj.jdbc.AbandonedConnectionCleanupThread.checkThreadContextClassLoader(AbandonedConnectionCleanupThread.java:116)
		at com.mysql.cj.jdbc.AbandonedConnectionCleanupThread.run(AbandonedConnectionCleanupThread.java:83)
		at java.base/java.util.concurrent.ThreadPoolExecutor.runWorker(ThreadPoolExecutor.java:1144)
		at java.base/java.util.concurrent.ThreadPoolExecutor$Worker.run(ThreadPoolExecutor.java:642)
		at java.base/java.lang.Thread.run(Thread.java:1575)
15-May-2025 14:24:28.974 INFO [main] org.apache.catalina.startup.VersionLoggerListener.log Nombre de la versión del servidor: Apache Tomcat/9.0.102
15-May-2025 14:24:28.980 INFO [main] org.apache.catalina.startup.VersionLoggerListener.log Server built:                      Mar 3 2025 19:33:14 UTC
15-May-2025 14:24:28.980 INFO [main] org.apache.catalina.startup.VersionLoggerListener.log Número de versión de servidor:     9.0.102.0
15-May-2025 14:24:28.981 INFO [main] org.apache.catalina.startup.VersionLoggerListener.log OS Name:                           Windows 11
15-May-2025 14:24:28.981 INFO [main] org.apache.catalina.startup.VersionLoggerListener.log Versión de Systema Operativo:      10.0
15-May-2025 14:24:28.981 INFO [main] org.apache.catalina.startup.VersionLoggerListener.log Arquitectura:                      amd64
15-May-2025 14:24:28.982 INFO [main] org.apache.catalina.startup.VersionLoggerListener.log Java Home:                         C:\Users\clara\.jdks\openjdk-23.0.1
15-May-2025 14:24:28.982 INFO [main] org.apache.catalina.startup.VersionLoggerListener.log JVM Version:                       23.0.1+11-39
15-May-2025 14:24:28.982 INFO [main] org.apache.catalina.startup.VersionLoggerListener.log Vededor JVM:                       Oracle Corporation
15-May-2025 14:24:28.983 INFO [main] org.apache.catalina.startup.VersionLoggerListener.log CATALINA_BASE:                     C:\Users\clara\Desktop\CrazyCow_BACK\tomcat
15-May-2025 14:24:28.983 INFO [main] org.apache.catalina.startup.VersionLoggerListener.log CATALINA_HOME:                     C:\Users\clara\Documents\DAW\PROGRAMACION\3TRIMESTRE\tomcat
15-May-2025 14:24:28.999 INFO [main] org.apache.catalina.startup.VersionLoggerListener.log Command line argument:             --add-opens=java.base/java.lang=ALL-UNNAMED
15-May-2025 14:24:28.999 INFO [main] org.apache.catalina.startup.VersionLoggerListener.log Command line argument:             --add-opens=java.base/java.io=ALL-UNNAMED
15-May-2025 14:24:29.000 INFO [main] org.apache.catalina.startup.VersionLoggerListener.log Command line argument:             --add-opens=java.base/java.util=ALL-UNNAMED
15-May-2025 14:24:29.000 INFO [main] org.apache.catalina.startup.VersionLoggerListener.log Command line argument:             --add-opens=java.base/java.util.concurrent=ALL-UNNAMED
15-May-2025 14:24:29.000 INFO [main] org.apache.catalina.startup.VersionLoggerListener.log Command line argument:             --add-opens=java.rmi/sun.rmi.transport=ALL-UNNAMED
15-May-2025 14:24:29.000 INFO [main] org.apache.catalina.startup.VersionLoggerListener.log Command line argument:             -Dcatalina.home=C:\Users\clara\Documents\DAW\PROGRAMACION\3TRIMESTRE\tomcat
15-May-2025 14:24:29.000 INFO [main] org.apache.catalina.startup.VersionLoggerListener.log Command line argument:             -Dcatalina.base=C:\Users\clara\Desktop\CrazyCow_BACK\tomcat
15-May-2025 14:24:29.001 INFO [main] org.apache.catalina.startup.VersionLoggerListener.log Command line argument:             -Djava.io.tmpdir=C:\Users\clara\Desktop\CrazyCow_BACK\tomcat\temp
15-May-2025 14:24:29.001 INFO [main] org.apache.catalina.startup.VersionLoggerListener.log Command line argument:             -Djava.util.logging.config.file=C:\Users\clara\Desktop\CrazyCow_BACK\tomcat\conf\logging.properties
15-May-2025 14:24:29.001 INFO [main] org.apache.catalina.startup.VersionLoggerListener.log Command line argument:             -Djava.util.logging.manager=org.apache.juli.ClassLoaderLogManager
15-May-2025 14:24:29.001 INFO [main] org.apache.catalina.startup.VersionLoggerListener.log Command line argument:             -javaagent:C:\Program Files\JetBrains\IntelliJ IDEA Community Edition 2024.2.3\lib\idea_rt.jar=52148:C:\Program Files\JetBrains\IntelliJ IDEA Community Edition 2024.2.3\bin
15-May-2025 14:24:29.001 INFO [main] org.apache.catalina.startup.VersionLoggerListener.log Command line argument:             -Dfile.encoding=UTF-8
15-May-2025 14:24:29.001 INFO [main] org.apache.catalina.startup.VersionLoggerListener.log Command line argument:             -Dsun.stdout.encoding=UTF-8
15-May-2025 14:24:29.002 INFO [main] org.apache.catalina.startup.VersionLoggerListener.log Command line argument:             -Dsun.stderr.encoding=UTF-8
15-May-2025 14:24:29.008 INFO [main] org.apache.catalina.core.AprLifecycleListener.lifecycleEvent Cargada la biblioteca nativa APR de Apache Tomcat [1.3.1] con la versión APR [1.7.4].
15-May-2025 14:24:29.008 INFO [main] org.apache.catalina.core.AprLifecycleListener.lifecycleEvent Capacidades APR: IPv6 [true], enviar fichero [true], aceptar filtros [false], aleatorio [true], UDS [true].
15-May-2025 14:24:29.008 INFO [main] org.apache.catalina.core.AprLifecycleListener.lifecycleEvent APR/OpenSSL configuration: useAprConnector [false], useOpenSSL [true]
15-May-2025 14:24:29.019 INFO [main] org.apache.catalina.core.AprLifecycleListener.initializeSSL OpenSSL inicializado correctamente [OpenSSL 3.0.14 4 Jun 2024]
15-May-2025 14:24:29.725 INFO [main] org.apache.coyote.AbstractProtocol.init Inicializando el manejador de protocolo ["http-nio-8080"]

15-May-2025 14:24:29.764 INFO [main] org.apache.catalina.startup.Catalina.load Server initialization in [1164] milliseconds
15-May-2025 14:24:29.852 INFO [main] org.apache.catalina.core.StandardService.startInternal Arrancando servicio [Catalina]
15-May-2025 14:24:29.852 INFO [main] org.apache.catalina.core.StandardEngine.startInternal Starting Servlet engine: [Apache Tomcat/9.0.102]
15-May-2025 14:24:29.866 INFO [main] org.apache.catalina.startup.HostConfig.deployDescriptor Desplieque del descriptor de configuración [C:\Users\clara\Desktop\CrazyCow_BACK\tomcat\conf\Catalina\localhost\CrazyCow_Server.xml]
15-May-2025 14:24:30.998 INFO [main] org.apache.jasper.servlet.TldScanner.scanJars Al menos un JAR, que se ha explorado buscando TLDs, aún no contenía TLDs. Activar historial de depuración para este historiador para una completa lista de los JARs que fueron explorados y de los que nos se halló TLDs. Saltarse JARs no necesarios durante la exploración puede dar lugar a una mejora de tiempo significativa en el arranque y compilación de JSP .
15-May-2025 14:24:31.073 INFO [main] org.apache.catalina.startup.HostConfig.deployDescriptor Deployment of deployment descriptor [C:\Users\clara\Desktop\CrazyCow_BACK\tomcat\conf\Catalina\localhost\CrazyCow_Server.xml] has finished in [1.200] ms
15-May-2025 14:24:31.075 INFO [main] org.apache.catalina.startup.HostConfig.deployDirectory Desplegando el directorio [C:\Users\clara\Desktop\CrazyCow_BACK\tomcat\webapps\docs] de la aplicación web
15-May-2025 14:24:31.121 INFO [main] org.apache.catalina.startup.HostConfig.deployDirectory Deployment of web application directory [C:\Users\clara\Desktop\CrazyCow_BACK\tomcat\webapps\docs] has finished in [46] ms
15-May-2025 14:24:31.121 INFO [main] org.apache.catalina.startup.HostConfig.deployDirectory Desplegando el directorio [C:\Users\clara\Desktop\CrazyCow_BACK\tomcat\webapps\examples] de la aplicación web
15-May-2025 14:24:31.579 INFO [main] org.apache.catalina.startup.HostConfig.deployDirectory Deployment of web application directory [C:\Users\clara\Desktop\CrazyCow_BACK\tomcat\webapps\examples] has finished in [458] ms
15-May-2025 14:24:31.579 INFO [main] org.apache.catalina.startup.HostConfig.deployDirectory Desplegando el directorio [C:\Users\clara\Desktop\CrazyCow_BACK\tomcat\webapps\host-manager] de la aplicación web
15-May-2025 14:24:31.625 INFO [main] org.apache.catalina.startup.HostConfig.deployDirectory Deployment of web application directory [C:\Users\clara\Desktop\CrazyCow_BACK\tomcat\webapps\host-manager] has finished in [45] ms
15-May-2025 14:24:31.625 INFO [main] org.apache.catalina.startup.HostConfig.deployDirectory Desplegando el directorio [C:\Users\clara\Desktop\CrazyCow_BACK\tomcat\webapps\manager] de la aplicación web
15-May-2025 14:24:31.671 INFO [main] org.apache.catalina.startup.HostConfig.deployDirectory Deployment of web application directory [C:\Users\clara\Desktop\CrazyCow_BACK\tomcat\webapps\manager] has finished in [46] ms
15-May-2025 14:24:31.671 INFO [main] org.apache.catalina.startup.HostConfig.deployDirectory Desplegando el directorio [C:\Users\clara\Desktop\CrazyCow_BACK\tomcat\webapps\ROOT] de la aplicación web
15-May-2025 14:24:31.699 INFO [main] org.apache.catalina.startup.HostConfig.deployDirectory Deployment of web application directory [C:\Users\clara\Desktop\CrazyCow_BACK\tomcat\webapps\ROOT] has finished in [27] ms
15-May-2025 14:24:31.711 INFO [main] org.apache.coyote.AbstractProtocol.start Starting ProtocolHandler ["http-nio-8080"]
15-May-2025 14:24:31.747 INFO [main] org.apache.catalina.startup.Catalina.start Server startup in [1981] milliseconds
15-May-2025 14:26:16.632 INFO [Thread-1] org.apache.coyote.AbstractProtocol.pause Pausing ProtocolHandler ["http-nio-8080"]
15-May-2025 14:26:16.642 INFO [Thread-1] org.apache.catalina.core.StandardService.stopInternal Parando servicio [Catalina]
15-May-2025 14:26:16.672 INFO [Thread-1] org.apache.coyote.AbstractProtocol.stop Stopping ProtocolHandler ["http-nio-8080"]
15-May-2025 14:26:16.677 INFO [Thread-1] org.apache.coyote.AbstractProtocol.destroy Destroying ProtocolHandler ["http-nio-8080"]
15-May-2025 14:26:20.317 INFO [main] org.apache.catalina.startup.VersionLoggerListener.log Nombre de la versión del servidor: Apache Tomcat/9.0.102
15-May-2025 14:26:20.323 INFO [main] org.apache.catalina.startup.VersionLoggerListener.log Server built:                      Mar 3 2025 19:33:14 UTC
15-May-2025 14:26:20.324 INFO [main] org.apache.catalina.startup.VersionLoggerListener.log Número de versión de servidor:     9.0.102.0
15-May-2025 14:26:20.324 INFO [main] org.apache.catalina.startup.VersionLoggerListener.log OS Name:                           Windows 11
15-May-2025 14:26:20.325 INFO [main] org.apache.catalina.startup.VersionLoggerListener.log Versión de Systema Operativo:      10.0
15-May-2025 14:26:20.325 INFO [main] org.apache.catalina.startup.VersionLoggerListener.log Arquitectura:                      amd64
15-May-2025 14:26:20.325 INFO [main] org.apache.catalina.startup.VersionLoggerListener.log Java Home:                         C:\Users\clara\.jdks\openjdk-23.0.1
15-May-2025 14:26:20.326 INFO [main] org.apache.catalina.startup.VersionLoggerListener.log JVM Version:                       23.0.1+11-39
15-May-2025 14:26:20.326 INFO [main] org.apache.catalina.startup.VersionLoggerListener.log Vededor JVM:                       Oracle Corporation
15-May-2025 14:26:20.327 INFO [main] org.apache.catalina.startup.VersionLoggerListener.log CATALINA_BASE:                     C:\Users\clara\Desktop\CrazyCow_BACK\tomcat
15-May-2025 14:26:20.327 INFO [main] org.apache.catalina.startup.VersionLoggerListener.log CATALINA_HOME:                     C:\Users\clara\Documents\DAW\PROGRAMACION\3TRIMESTRE\tomcat
15-May-2025 14:26:20.338 INFO [main] org.apache.catalina.startup.VersionLoggerListener.log Command line argument:             --add-opens=java.base/java.lang=ALL-UNNAMED
15-May-2025 14:26:20.339 INFO [main] org.apache.catalina.startup.VersionLoggerListener.log Command line argument:             --add-opens=java.base/java.io=ALL-UNNAMED
15-May-2025 14:26:20.339 INFO [main] org.apache.catalina.startup.VersionLoggerListener.log Command line argument:             --add-opens=java.base/java.util=ALL-UNNAMED
15-May-2025 14:26:20.339 INFO [main] org.apache.catalina.startup.VersionLoggerListener.log Command line argument:             --add-opens=java.base/java.util.concurrent=ALL-UNNAMED
15-May-2025 14:26:20.340 INFO [main] org.apache.catalina.startup.VersionLoggerListener.log Command line argument:             --add-opens=java.rmi/sun.rmi.transport=ALL-UNNAMED
15-May-2025 14:26:20.340 INFO [main] org.apache.catalina.startup.VersionLoggerListener.log Command line argument:             -Dcatalina.home=C:\Users\clara\Documents\DAW\PROGRAMACION\3TRIMESTRE\tomcat
15-May-2025 14:26:20.341 INFO [main] org.apache.catalina.startup.VersionLoggerListener.log Command line argument:             -Dcatalina.base=C:\Users\clara\Desktop\CrazyCow_BACK\tomcat
15-May-2025 14:26:20.341 INFO [main] org.apache.catalina.startup.VersionLoggerListener.log Command line argument:             -Djava.io.tmpdir=C:\Users\clara\Desktop\CrazyCow_BACK\tomcat\temp
15-May-2025 14:26:20.341 INFO [main] org.apache.catalina.startup.VersionLoggerListener.log Command line argument:             -Djava.util.logging.config.file=C:\Users\clara\Desktop\CrazyCow_BACK\tomcat\conf\logging.properties
15-May-2025 14:26:20.342 INFO [main] org.apache.catalina.startup.VersionLoggerListener.log Command line argument:             -Djava.util.logging.manager=org.apache.juli.ClassLoaderLogManager
15-May-2025 14:26:20.342 INFO [main] org.apache.catalina.startup.VersionLoggerListener.log Command line argument:             -javaagent:C:\Program Files\JetBrains\IntelliJ IDEA Community Edition 2024.2.3\lib\idea_rt.jar=52156:C:\Program Files\JetBrains\IntelliJ IDEA Community Edition 2024.2.3\bin
15-May-2025 14:26:20.342 INFO [main] org.apache.catalina.startup.VersionLoggerListener.log Command line argument:             -Dfile.encoding=UTF-8
15-May-2025 14:26:20.342 INFO [main] org.apache.catalina.startup.VersionLoggerListener.log Command line argument:             -Dsun.stdout.encoding=UTF-8
15-May-2025 14:26:20.342 INFO [main] org.apache.catalina.startup.VersionLoggerListener.log Command line argument:             -Dsun.stderr.encoding=UTF-8
15-May-2025 14:26:20.347 INFO [main] org.apache.catalina.core.AprLifecycleListener.lifecycleEvent Cargada la biblioteca nativa APR de Apache Tomcat [1.3.1] con la versión APR [1.7.4].
15-May-2025 14:26:20.348 INFO [main] org.apache.catalina.core.AprLifecycleListener.lifecycleEvent Capacidades APR: IPv6 [true], enviar fichero [true], aceptar filtros [false], aleatorio [true], UDS [true].
15-May-2025 14:26:20.348 INFO [main] org.apache.catalina.core.AprLifecycleListener.lifecycleEvent APR/OpenSSL configuration: useAprConnector [false], useOpenSSL [true]
15-May-2025 14:26:20.357 INFO [main] org.apache.catalina.core.AprLifecycleListener.initializeSSL OpenSSL inicializado correctamente [OpenSSL 3.0.14 4 Jun 2024]
15-May-2025 14:26:21.069 INFO [main] org.apache.coyote.AbstractProtocol.init Inicializando el manejador de protocolo ["http-nio-8080"]

15-May-2025 14:26:21.099 INFO [main] org.apache.catalina.startup.Catalina.load Server initialization in [1162] milliseconds
15-May-2025 14:26:21.193 INFO [main] org.apache.catalina.core.StandardService.startInternal Arrancando servicio [Catalina]
15-May-2025 14:26:21.193 INFO [main] org.apache.catalina.core.StandardEngine.startInternal Starting Servlet engine: [Apache Tomcat/9.0.102]
15-May-2025 14:26:21.210 INFO [main] org.apache.catalina.startup.HostConfig.deployDescriptor Desplieque del descriptor de configuración [C:\Users\clara\Desktop\CrazyCow_BACK\tomcat\conf\Catalina\localhost\CrazyCow_Server.xml]
15-May-2025 14:26:22.279 INFO [main] org.apache.jasper.servlet.TldScanner.scanJars Al menos un JAR, que se ha explorado buscando TLDs, aún no contenía TLDs. Activar historial de depuración para este historiador para una completa lista de los JARs que fueron explorados y de los que nos se halló TLDs. Saltarse JARs no necesarios durante la exploración puede dar lugar a una mejora de tiempo significativa en el arranque y compilación de JSP .
15-May-2025 14:26:22.355 INFO [main] org.apache.catalina.startup.HostConfig.deployDescriptor Deployment of deployment descriptor [C:\Users\clara\Desktop\CrazyCow_BACK\tomcat\conf\Catalina\localhost\CrazyCow_Server.xml] has finished in [1.142] ms
15-May-2025 14:26:22.356 INFO [main] org.apache.catalina.startup.HostConfig.deployDirectory Desplegando el directorio [C:\Users\clara\Desktop\CrazyCow_BACK\tomcat\webapps\docs] de la aplicación web
15-May-2025 14:26:22.401 INFO [main] org.apache.catalina.startup.HostConfig.deployDirectory Deployment of web application directory [C:\Users\clara\Desktop\CrazyCow_BACK\tomcat\webapps\docs] has finished in [45] ms
15-May-2025 14:26:22.401 INFO [main] org.apache.catalina.startup.HostConfig.deployDirectory Desplegando el directorio [C:\Users\clara\Desktop\CrazyCow_BACK\tomcat\webapps\examples] de la aplicación web
15-May-2025 14:26:22.876 INFO [main] org.apache.catalina.startup.HostConfig.deployDirectory Deployment of web application directory [C:\Users\clara\Desktop\CrazyCow_BACK\tomcat\webapps\examples] has finished in [473] ms
15-May-2025 14:26:22.877 INFO [main] org.apache.catalina.startup.HostConfig.deployDirectory Desplegando el directorio [C:\Users\clara\Desktop\CrazyCow_BACK\tomcat\webapps\host-manager] de la aplicación web
15-May-2025 14:26:22.930 INFO [main] org.apache.catalina.startup.HostConfig.deployDirectory Deployment of web application directory [C:\Users\clara\Desktop\CrazyCow_BACK\tomcat\webapps\host-manager] has finished in [54] ms
15-May-2025 14:26:22.931 INFO [main] org.apache.catalina.startup.HostConfig.deployDirectory Desplegando el directorio [C:\Users\clara\Desktop\CrazyCow_BACK\tomcat\webapps\manager] de la aplicación web
15-May-2025 14:26:22.982 INFO [main] org.apache.catalina.startup.HostConfig.deployDirectory Deployment of web application directory [C:\Users\clara\Desktop\CrazyCow_BACK\tomcat\webapps\manager] has finished in [52] ms
15-May-2025 14:26:22.983 INFO [main] org.apache.catalina.startup.HostConfig.deployDirectory Desplegando el directorio [C:\Users\clara\Desktop\CrazyCow_BACK\tomcat\webapps\ROOT] de la aplicación web
15-May-2025 14:26:23.017 INFO [main] org.apache.catalina.startup.HostConfig.deployDirectory Deployment of web application directory [C:\Users\clara\Desktop\CrazyCow_BACK\tomcat\webapps\ROOT] has finished in [35] ms
15-May-2025 14:26:23.030 INFO [main] org.apache.coyote.AbstractProtocol.start Starting ProtocolHandler ["http-nio-8080"]
15-May-2025 14:26:23.063 INFO [main] org.apache.catalina.startup.Catalina.start Server startup in [1960] milliseconds
15-May-2025 19:34:15.890 INFO [Thread-1] org.apache.coyote.AbstractProtocol.pause Pausing ProtocolHandler ["http-nio-8080"]
15-May-2025 19:34:15.941 INFO [Thread-1] org.apache.catalina.core.StandardService.stopInternal Parando servicio [Catalina]
15-May-2025 19:34:16.431 WARNING [Thread-1] org.apache.catalina.loader.WebappClassLoaderBase.clearReferencesJdbc La aplicación web [CrazyCow_Server] registró el conductor JDBC [com.mysql.cj.jdbc.Driver] pero falló al anular el registro mientras la aplicación web estaba parada. Para prevenir un fallo de memoria, se ha anulado el registro del conductor JDBC por la fuerza.
15-May-2025 19:34:16.432 WARNING [Thread-1] org.apache.catalina.loader.WebappClassLoaderBase.clearReferencesThreads The web application [CrazyCow_Server] appears to have started a thread named [mysql-cj-abandoned-connection-cleanup] but has failed to stop it. This is very likely to create a memory leak. Stack trace of thread:
 java.base/jdk.internal.misc.Unsafe.park(Native Method)
 java.base/java.util.concurrent.locks.LockSupport.parkNanos(LockSupport.java:269)
 java.base/java.util.concurrent.locks.AbstractQueuedSynchronizer$ConditionObject.await(AbstractQueuedSynchronizer.java:1852)
 java.base/java.lang.ref.ReferenceQueue.await(ReferenceQueue.java:79)
 java.base/java.lang.ref.ReferenceQueue.remove0(ReferenceQueue.java:151)
 java.base/java.lang.ref.ReferenceQueue.remove(ReferenceQueue.java:229)
 com.mysql.cj.jdbc.AbandonedConnectionCleanupThread.run(AbandonedConnectionCleanupThread.java:84)
 java.base/java.util.concurrent.ThreadPoolExecutor.runWorker(ThreadPoolExecutor.java:1144)
 java.base/java.util.concurrent.ThreadPoolExecutor$Worker.run(ThreadPoolExecutor.java:642)
 java.base/java.lang.Thread.run(Thread.java:1575)
15-May-2025 19:34:16.438 INFO [Thread-1] org.apache.coyote.AbstractProtocol.stop Stopping ProtocolHandler ["http-nio-8080"]
15-May-2025 19:34:16.459 INFO [Thread-1] org.apache.coyote.AbstractProtocol.destroy Destroying ProtocolHandler ["http-nio-8080"]
