13-May-2025 12:12:14.187 INFO [main] org.apache.catalina.core.ApplicationContext.log ContextListener: contextInitialized()
13-May-2025 12:12:14.187 INFO [main] org.apache.catalina.core.ApplicationContext.log SessionListener: contextInitialized()
13-May-2025 12:12:14.189 INFO [main] org.apache.catalina.core.ApplicationContext.log ContextListener: attributeAdded('StockTicker', 'async.Stockticker@499683c4')
13-May-2025 12:18:51.213 INFO [Thread-1] org.apache.catalina.core.ApplicationContext.log SessionListener: contextDestroyed()
13-May-2025 12:18:51.213 INFO [Thread-1] org.apache.catalina.core.ApplicationContext.log ContextListener: contextDestroyed()
13-May-2025 12:19:07.960 INFORMACIÓN [main] org.apache.catalina.core.ApplicationContext.log ContextListener: contextInitialized()
13-May-2025 12:19:07.960 INFORMACIÓN [main] org.apache.catalina.core.ApplicationContext.log SessionListener: contextInitialized()
13-May-2025 12:19:07.964 INFORMACIÓN [main] org.apache.catalina.core.ApplicationContext.log ContextListener: attributeAdded('StockTicker', 'async.Stockticker@30d25c03')
13-May-2025 13:04:11.937 INFORMACIÓN [Thread-1] org.apache.catalina.core.ApplicationContext.log SessionListener: contextDestroyed()
13-May-2025 13:04:11.937 INFORMACIÓN [Thread-1] org.apache.catalina.core.ApplicationContext.log ContextListener: contextDestroyed()
13-May-2025 13:04:19.947 INFO [main] org.apache.catalina.core.ApplicationContext.log ContextListener: contextInitialized()
13-May-2025 13:04:19.947 INFO [main] org.apache.catalina.core.ApplicationContext.log SessionListener: contextInitialized()
13-May-2025 13:04:19.950 INFO [main] org.apache.catalina.core.ApplicationContext.log ContextListener: attributeAdded('StockTicker', 'async.Stockticker@7bc6d27a')
13-May-2025 13:15:55.457 INFO [Thread-1] org.apache.catalina.core.ApplicationContext.log SessionListener: contextDestroyed()
13-May-2025 13:15:55.457 INFO [Thread-1] org.apache.catalina.core.ApplicationContext.log ContextListener: contextDestroyed()
13-May-2025 13:16:02.581 INFO [main] org.apache.catalina.core.ApplicationContext.log ContextListener: contextInitialized()
13-May-2025 13:16:02.582 INFO [main] org.apache.catalina.core.ApplicationContext.log SessionListener: contextInitialized()
13-May-2025 13:16:02.584 INFO [main] org.apache.catalina.core.ApplicationContext.log ContextListener: attributeAdded('StockTicker', 'async.Stockticker@6009bea')
13-May-2025 13:19:20.316 INFO [Thread-1] org.apache.catalina.core.ApplicationContext.log SessionListener: contextDestroyed()
13-May-2025 13:19:20.316 INFO [Thread-1] org.apache.catalina.core.ApplicationContext.log ContextListener: contextDestroyed()
13-May-2025 13:19:26.784 INFO [main] org.apache.catalina.core.ApplicationContext.log ContextListener: contextInitialized()
13-May-2025 13:19:26.784 INFO [main] org.apache.catalina.core.ApplicationContext.log SessionListener: contextInitialized()
13-May-2025 13:19:26.789 INFO [main] org.apache.catalina.core.ApplicationContext.log ContextListener: attributeAdded('StockTicker', 'async.Stockticker@43a51d00')
13-May-2025 13:25:24.742 INFO [Thread-1] org.apache.catalina.core.ApplicationContext.log SessionListener: contextDestroyed()
13-May-2025 13:25:24.742 INFO [Thread-1] org.apache.catalina.core.ApplicationContext.log ContextListener: contextDestroyed()
13-May-2025 13:25:31.093 INFO [main] org.apache.catalina.core.ApplicationContext.log ContextListener: contextInitialized()
13-May-2025 13:25:31.094 INFO [main] org.apache.catalina.core.ApplicationContext.log SessionListener: contextInitialized()
13-May-2025 13:25:31.096 INFO [main] org.apache.catalina.core.ApplicationContext.log ContextListener: attributeAdded('StockTicker', 'async.Stockticker@4aaae508')
13-May-2025 13:32:36.111 INFO [Thread-1] org.apache.catalina.core.ApplicationContext.log SessionListener: contextDestroyed()
13-May-2025 13:32:36.111 INFO [Thread-1] org.apache.catalina.core.ApplicationContext.log ContextListener: contextDestroyed()
13-May-2025 13:32:42.118 INFO [main] org.apache.catalina.core.ApplicationContext.log ContextListener: contextInitialized()
13-May-2025 13:32:42.118 INFO [main] org.apache.catalina.core.ApplicationContext.log SessionListener: contextInitialized()
13-May-2025 13:32:42.121 INFO [main] org.apache.catalina.core.ApplicationContext.log ContextListener: attributeAdded('StockTicker', 'async.Stockticker@6009bea')
13-May-2025 13:33:35.621 INFO [Thread-1] org.apache.catalina.core.ApplicationContext.log SessionListener: contextDestroyed()
13-May-2025 13:33:35.621 INFO [Thread-1] org.apache.catalina.core.ApplicationContext.log ContextListener: contextDestroyed()
13-May-2025 13:33:41.897 INFO [main] org.apache.catalina.core.ApplicationContext.log ContextListener: contextInitialized()
13-May-2025 13:33:41.898 INFO [main] org.apache.catalina.core.ApplicationContext.log SessionListener: contextInitialized()
13-May-2025 13:33:41.899 INFO [main] org.apache.catalina.core.ApplicationContext.log ContextListener: attributeAdded('StockTicker', 'async.Stockticker@499683c4')
13-May-2025 13:38:08.712 INFO [Thread-1] org.apache.catalina.core.ApplicationContext.log SessionListener: contextDestroyed()
13-May-2025 13:38:08.712 INFO [Thread-1] org.apache.catalina.core.ApplicationContext.log ContextListener: contextDestroyed()
13-May-2025 13:38:14.889 INFO [main] org.apache.catalina.core.ApplicationContext.log ContextListener: contextInitialized()
13-May-2025 13:38:14.889 INFO [main] org.apache.catalina.core.ApplicationContext.log SessionListener: contextInitialized()
13-May-2025 13:38:14.895 INFO [main] org.apache.catalina.core.ApplicationContext.log ContextListener: attributeAdded('StockTicker', 'async.Stockticker@499683c4')
13-May-2025 13:40:14.318 INFO [Thread-1] org.apache.catalina.core.ApplicationContext.log SessionListener: contextDestroyed()
13-May-2025 13:40:14.318 INFO [Thread-1] org.apache.catalina.core.ApplicationContext.log ContextListener: contextDestroyed()
13-May-2025 15:12:06.278 INFO [main] org.apache.catalina.core.ApplicationContext.log ContextListener: contextInitialized()
13-May-2025 15:12:06.279 INFO [main] org.apache.catalina.core.ApplicationContext.log SessionListener: contextInitialized()
13-May-2025 15:12:06.282 INFO [main] org.apache.catalina.core.ApplicationContext.log ContextListener: attributeAdded('StockTicker', 'async.Stockticker@43a51d00')
13-May-2025 17:09:10.794 INFO [Thread-1] org.apache.catalina.core.ApplicationContext.log SessionListener: contextDestroyed()
13-May-2025 17:09:10.794 INFO [Thread-1] org.apache.catalina.core.ApplicationContext.log ContextListener: contextDestroyed()
13-May-2025 17:09:23.904 INFO [main] org.apache.catalina.core.ApplicationContext.log ContextListener: contextInitialized()
13-May-2025 17:09:23.904 INFO [main] org.apache.catalina.core.ApplicationContext.log SessionListener: contextInitialized()
13-May-2025 17:09:23.906 INFO [main] org.apache.catalina.core.ApplicationContext.log ContextListener: attributeAdded('StockTicker', 'async.Stockticker@2e23c180')
13-May-2025 17:12:18.260 INFO [Thread-1] org.apache.catalina.core.ApplicationContext.log SessionListener: contextDestroyed()
13-May-2025 17:12:18.260 INFO [Thread-1] org.apache.catalina.core.ApplicationContext.log ContextListener: contextDestroyed()
13-May-2025 17:12:24.110 INFO [main] org.apache.catalina.core.ApplicationContext.log ContextListener: contextInitialized()
13-May-2025 17:12:24.110 INFO [main] org.apache.catalina.core.ApplicationContext.log SessionListener: contextInitialized()
13-May-2025 17:12:24.114 INFO [main] org.apache.catalina.core.ApplicationContext.log ContextListener: attributeAdded('StockTicker', 'async.Stockticker@2e23c180')
13-May-2025 17:15:41.138 INFO [Thread-1] org.apache.catalina.core.ApplicationContext.log SessionListener: contextDestroyed()
13-May-2025 17:15:41.138 INFO [Thread-1] org.apache.catalina.core.ApplicationContext.log ContextListener: contextDestroyed()
13-May-2025 17:15:47.548 INFO [main] org.apache.catalina.core.ApplicationContext.log ContextListener: contextInitialized()
13-May-2025 17:15:47.548 INFO [main] org.apache.catalina.core.ApplicationContext.log SessionListener: contextInitialized()
13-May-2025 17:15:47.551 INFO [main] org.apache.catalina.core.ApplicationContext.log ContextListener: attributeAdded('StockTicker', 'async.Stockticker@2e23c180')
13-May-2025 17:19:53.371 INFO [Thread-1] org.apache.catalina.core.ApplicationContext.log SessionListener: contextDestroyed()
13-May-2025 17:19:53.371 INFO [Thread-1] org.apache.catalina.core.ApplicationContext.log ContextListener: contextDestroyed()
13-May-2025 17:19:59.398 INFO [main] org.apache.catalina.core.ApplicationContext.log ContextListener: contextInitialized()
13-May-2025 17:19:59.398 INFO [main] org.apache.catalina.core.ApplicationContext.log SessionListener: contextInitialized()
13-May-2025 17:19:59.400 INFO [main] org.apache.catalina.core.ApplicationContext.log ContextListener: attributeAdded('StockTicker', 'async.Stockticker@2e23c180')
13-May-2025 17:25:26.573 INFO [Thread-1] org.apache.catalina.core.ApplicationContext.log SessionListener: contextDestroyed()
13-May-2025 17:25:26.573 INFO [Thread-1] org.apache.catalina.core.ApplicationContext.log ContextListener: contextDestroyed()
13-May-2025 17:25:32.754 INFO [main] org.apache.catalina.core.ApplicationContext.log ContextListener: contextInitialized()
13-May-2025 17:25:32.754 INFO [main] org.apache.catalina.core.ApplicationContext.log SessionListener: contextInitialized()
13-May-2025 17:25:32.757 INFO [main] org.apache.catalina.core.ApplicationContext.log ContextListener: attributeAdded('StockTicker', 'async.Stockticker@363a3d15')
13-May-2025 17:31:01.505 INFO [Thread-1] org.apache.catalina.core.ApplicationContext.log SessionListener: contextDestroyed()
13-May-2025 17:31:01.505 INFO [Thread-1] org.apache.catalina.core.ApplicationContext.log ContextListener: contextDestroyed()
13-May-2025 17:32:17.064 INFO [main] org.apache.catalina.core.ApplicationContext.log ContextListener: contextInitialized()
13-May-2025 17:32:17.064 INFO [main] org.apache.catalina.core.ApplicationContext.log SessionListener: contextInitialized()
13-May-2025 17:32:17.067 INFO [main] org.apache.catalina.core.ApplicationContext.log ContextListener: attributeAdded('StockTicker', 'async.Stockticker@6009bea')
13-May-2025 17:33:47.617 INFO [Thread-1] org.apache.catalina.core.ApplicationContext.log SessionListener: contextDestroyed()
13-May-2025 17:33:47.617 INFO [Thread-1] org.apache.catalina.core.ApplicationContext.log ContextListener: contextDestroyed()
13-May-2025 17:33:53.561 INFO [main] org.apache.catalina.core.ApplicationContext.log ContextListener: contextInitialized()
13-May-2025 17:33:53.561 INFO [main] org.apache.catalina.core.ApplicationContext.log SessionListener: contextInitialized()
13-May-2025 17:33:53.564 INFO [main] org.apache.catalina.core.ApplicationContext.log ContextListener: attributeAdded('StockTicker', 'async.Stockticker@173f73e7')
13-May-2025 19:02:11.634 INFO [Thread-1] org.apache.catalina.core.ApplicationContext.log SessionListener: contextDestroyed()
13-May-2025 19:02:11.634 INFO [Thread-1] org.apache.catalina.core.ApplicationContext.log ContextListener: contextDestroyed()
13-May-2025 19:02:18.541 INFO [main] org.apache.catalina.core.ApplicationContext.log ContextListener: contextInitialized()
13-May-2025 19:02:18.541 INFO [main] org.apache.catalina.core.ApplicationContext.log SessionListener: contextInitialized()
13-May-2025 19:02:18.544 INFO [main] org.apache.catalina.core.ApplicationContext.log ContextListener: attributeAdded('StockTicker', 'async.Stockticker@25da615a')
13-May-2025 21:00:20.450 INFO [Thread-1] org.apache.catalina.core.ApplicationContext.log SessionListener: contextDestroyed()
13-May-2025 21:00:20.450 INFO [Thread-1] org.apache.catalina.core.ApplicationContext.log ContextListener: contextDestroyed()
13-May-2025 21:39:29.203 INFO [main] org.apache.catalina.core.ApplicationContext.log ContextListener: contextInitialized()
13-May-2025 21:39:29.203 INFO [main] org.apache.catalina.core.ApplicationContext.log SessionListener: contextInitialized()
13-May-2025 21:39:29.204 INFO [main] org.apache.catalina.core.ApplicationContext.log ContextListener: attributeAdded('StockTicker', 'async.Stockticker@75769ab0')
13-May-2025 21:50:12.183 INFO [Thread-1] org.apache.catalina.core.ApplicationContext.log SessionListener: contextDestroyed()
13-May-2025 21:50:12.183 INFO [Thread-1] org.apache.catalina.core.ApplicationContext.log ContextListener: contextDestroyed()
13-May-2025 21:50:18.490 INFO [main] org.apache.catalina.core.ApplicationContext.log ContextListener: contextInitialized()
13-May-2025 21:50:18.490 INFO [main] org.apache.catalina.core.ApplicationContext.log SessionListener: contextInitialized()
13-May-2025 21:50:18.492 INFO [main] org.apache.catalina.core.ApplicationContext.log ContextListener: attributeAdded('StockTicker', 'async.Stockticker@75769ab0')
13-May-2025 22:36:20.646 INFO [Thread-1] org.apache.catalina.core.ApplicationContext.log SessionListener: contextDestroyed()
13-May-2025 22:36:20.646 INFO [Thread-1] org.apache.catalina.core.ApplicationContext.log ContextListener: contextDestroyed()
13-May-2025 22:36:27.916 INFO [main] org.apache.catalina.core.ApplicationContext.log ContextListener: contextInitialized()
13-May-2025 22:36:27.916 INFO [main] org.apache.catalina.core.ApplicationContext.log SessionListener: contextInitialized()
13-May-2025 22:36:27.918 INFO [main] org.apache.catalina.core.ApplicationContext.log ContextListener: attributeAdded('StockTicker', 'async.Stockticker@2c768ada')
13-May-2025 23:11:13.662 INFO [Thread-1] org.apache.catalina.core.ApplicationContext.log SessionListener: contextDestroyed()
13-May-2025 23:11:13.662 INFO [Thread-1] org.apache.catalina.core.ApplicationContext.log ContextListener: contextDestroyed()
13-May-2025 23:11:20.740 INFO [main] org.apache.catalina.core.ApplicationContext.log ContextListener: contextInitialized()
13-May-2025 23:11:20.741 INFO [main] org.apache.catalina.core.ApplicationContext.log SessionListener: contextInitialized()
13-May-2025 23:11:20.743 INFO [main] org.apache.catalina.core.ApplicationContext.log ContextListener: attributeAdded('StockTicker', 'async.Stockticker@aaee2a2')
13-May-2025 23:12:33.321 INFO [Thread-1] org.apache.catalina.core.ApplicationContext.log SessionListener: contextDestroyed()
13-May-2025 23:12:33.321 INFO [Thread-1] org.apache.catalina.core.ApplicationContext.log ContextListener: contextDestroyed()
13-May-2025 23:12:39.380 INFO [main] org.apache.catalina.core.ApplicationContext.log ContextListener: contextInitialized()
13-May-2025 23:12:39.380 INFO [main] org.apache.catalina.core.ApplicationContext.log SessionListener: contextInitialized()
13-May-2025 23:12:39.384 INFO [main] org.apache.catalina.core.ApplicationContext.log ContextListener: attributeAdded('StockTicker', 'async.Stockticker@6009bea')
